Arguments: 
  C:\Program Files\nodejs\node.exe C:\Users\BANKDA-KIM\AppData\Roaming\npm\node_modules\yarn\bin\yarn.js install

PATH: 
  C:\Program Files\Git\mingw64\bin;C:\Program Files\Git\usr\bin;C:\Users\BANKDA-KIM\bin;C:\WINDOWS\system32;C:\WINDOWS;C:\WINDOWS\System32\Wbem;C:\WINDOWS\System32\WindowsPowerShell\v1.0;C:\Program Files\nodejs;C:\Program Files\Git\cmd;C:\WINDOWS\System32\OpenSSH;C:\Program Files (x86)\Bitvise SSH Client;C:\Program Files\Docker\Docker\resources\bin;C:\ProgramData\DockerDesktop\version-bin;C:\Program Files\MySQL\MySQL Shell 8.0\bin;C:\Users\BANKDA-KIM\AppData\Local\Microsoft\WindowsApps;C:\Users\BANKDA-KIM\AppData\Local\Programs\Microsoft VS Code\bin;C:\Users\BANKDA-KIM\AppData\Roaming\npm

Yarn version: 
  1.22.0

Node version: 
  12.16.1

Platform: 
  win32 x64

Trace: 
  Error: https://registry.yarnpkg.com/@jangbuda-frontend%2fmanager: Not found
      at Request.params.callback [as _callback] (C:\Users\BANKDA-KIM\AppData\Roaming\npm\node_modules\yarn\lib\cli.js:66975:18)
      at Request.self.callback (C:\Users\BANKDA-KIM\AppData\Roaming\npm\node_modules\yarn\lib\cli.js:140727:22)
      at Request.emit (events.js:311:20)
      at Request.<anonymous> (C:\Users\BANKDA-KIM\AppData\Roaming\npm\node_modules\yarn\lib\cli.js:141699:10)
      at Request.emit (events.js:311:20)
      at IncomingMessage.<anonymous> (C:\Users\BANKDA-KIM\AppData\Roaming\npm\node_modules\yarn\lib\cli.js:141621:12)
      at Object.onceWrapper (events.js:417:28)
      at IncomingMessage.emit (events.js:323:22)
      at endReadableNT (_stream_readable.js:1204:12)
      at processTicksAndRejections (internal/process/task_queues.js:84:21)

npm manifest: 
  {
    "name": "@jangbuda-frontend/root",
    "version": "1.0.0",
    "main": "index.js",
    "license": "MIT",
    "scripts": {
      "cleanup": "rimraf build",
      "start": "snowpack dev --reload",
      "build": "yarn cleanup && snowpack build",
      "serve": "serve build"
    },
    "babel": {
      "extends": "../babel.config.json"
    },
    "dependencies": {
      "@jangbuda-frontend/manager": "1.0.0",
      "@jangbuda-frontend/member": "1.0.0",
      "react": "^17.0.1",
      "react-dom": "^17.0.1",
      "react-router-dom": "^5.2.0"
    },
    "devDependencies": {
      "@babel/plugin-transform-react-jsx": "^7.12.17",
      "@babel/preset-env": "^7.13.10",
      "@babel/preset-react": "^7.12.13",
      "@babel/preset-typescript": "^7.13.0",
      "rimraf": "^3.0.2",
      "serve": "^11.3.2",
      "typescript": "^4.2.3"
    }
  }

yarn manifest: 
  No manifest

Lockfile: 
  No lockfile
