Arguments: 
  C:\Program Files\nodejs\node.exe C:\Users\BANKDA-KIM\AppData\Roaming\npm\node_modules\yarn\bin\yarn.js start

PATH: 
  C:\Program Files\Git\mingw64\bin;C:\Program Files\Git\usr\bin;C:\Users\BANKDA-KIM\bin;C:\WINDOWS\system32;C:\WINDOWS;C:\WINDOWS\System32\Wbem;C:\WINDOWS\System32\WindowsPowerShell\v1.0;C:\Program Files\nodejs;C:\Program Files\Git\cmd;C:\WINDOWS\System32\OpenSSH;C:\Program Files (x86)\Bitvise SSH Client;C:\Program Files\Docker\Docker\resources\bin;C:\ProgramData\DockerDesktop\version-bin;C:\Program Files\MySQL\MySQL Shell 8.0\bin;C:\Users\BANKDA-KIM\AppData\Local\Microsoft\WindowsApps;C:\Users\BANKDA-KIM\AppData\Local\Programs\Microsoft VS Code\bin;C:\Users\BANKDA-KIM\AppData\Roaming\npm

Yarn version: 
  1.22.0

Node version: 
  12.16.1

Platform: 
  win32 x64

Trace: 
  SyntaxError: C:\Users\BANKDA-KIM\Desktop\project\monorepo\packages\manager\package.json: Unexpected token } in JSON at position 829
      at JSON.parse (<anonymous>)
      at C:\Users\BANKDA-KIM\AppData\Roaming\npm\node_modules\yarn\lib\cli.js:1625:59
      at Generator.next (<anonymous>)
      at step (C:\Users\BANKDA-KIM\AppData\Roaming\npm\node_modules\yarn\lib\cli.js:310:30)
      at C:\Users\BANKDA-KIM\AppData\Roaming\npm\node_modules\yarn\lib\cli.js:321:13

npm manifest: 
  {
    "name": "@jangbuda-frontend/manager",
    "version": "1.0.0",
    "main": "dist/App.js",
    "license": "MIT",
    "scripts": {
      "start": "snowpack dev --reload",
      "build": "tsc",
      "test": "echo manager app..."
    },
    "dependencies": {
      "react": "^17.0.1",
      "react-dom": "^17.0.1",
      "snowpack": "^3.0.13"
    },
    "devDependencies": {
      "@jangbuda-frontend/common": "1.0.0",
      "@babel/plugin-transform-react-jsx": "^7.12.17",
      "@babel/preset-env": "^7.13.10",
      "@babel/preset-react": "^7.12.13",
      "@babel/preset-typescript": "^7.13.0",
      "@snowpack/plugin-babel": "^2.1.6",
      "@snowpack/plugin-dotenv": "^2.0.5",
      "@snowpack/plugin-react-refresh": "^2.4.0",
      "@types/react": "^17.0.3",
      "@types/react-dom": "^17.0.2",
      "snowpack-plugin-replace": "^1.0.4",
      "typescript": "^4.2.3"
    },
  }

yarn manifest: 
  No manifest

Lockfile: 
  No lockfile
